<?xml version="1.0" encoding="UTF-8"?>
<!-- Generated by org.testng.reporters.JUnitReportReporter -->
<testsuite hostname="NAG1-LHP-N06552" name="BridgeTest.Com.Bridge.Test.BridgeHomeTest" tests="1" failures="0" timestamp="18 Apr 2019 11:24:18 GMT" time="0.101" errors="0">
  <testcase name="validateUser" time="0.101" classname="BridgeTest.Com.Bridge.Test.BridgeHomeTest"/>
</testsuite> <!-- BridgeTest.Com.Bridge.Test.BridgeHomeTest -->
