<?xml version="1.0" encoding="UTF-8"?>
<!-- Generated by org.testng.reporters.JUnitReportReporter -->
<testsuite hostname="NAG1-LHP-N06552" name="BridgeTest.Com.Bridge.Test.BridgeLoginTest" tests="2" failures="0" timestamp="18 Apr 2019 11:24:18 GMT" time="17.436" errors="0">
  <testcase name="loginPageTitleTest" time="7.890" classname="BridgeTest.Com.Bridge.Test.BridgeLoginTest"/>
  <testcase name="loginTest" time="9.546" classname="BridgeTest.Com.Bridge.Test.BridgeLoginTest"/>
</testsuite> <!-- BridgeTest.Com.Bridge.Test.BridgeLoginTest -->
